io_uring vs poll — Escalating load benchmark
Stop when: p95 latency spikes 3x or error rate >= 2%
Max iterations: 20, Rounds per level: 3
Results: results/iouring-vs-poll/


════════════════════════════════════════════════════════════════════════════════════════════════════
Protocol: QUIC
════════════════════════════════════════════════════════════════════════════════════════════════════

[Level 0] 2 clients × 10 conns × 50 streams × 3 rounds = 3,000 streams, msg=4KB
Stream error (conn 9, stream 0): stream timed out
Stream error (conn 9, stream 2): stream timed out
Stream error (conn 9, stream 3): stream timed out
Stream error (conn 9, stream 4): stream timed out
Stream error (conn 9, stream 5): stream timed out
Stream error (conn 9, stream 6): stream timed out
Stream error (conn 9, stream 7): stream timed out
Stream error (conn 9, stream 8): stream timed out
Stream error (conn 9, stream 9): stream timed out
Stream error (conn 9, stream 10): stream timed out
Stream error (conn 9, stream 11): stream timed out
Stream error (conn 9, stream 12): stream timed out
Stream error (conn 9, stream 13): stream timed out
Stream error (conn 9, stream 16): stream timed out
Stream error (conn 9, stream 17): stream timed out
Stream error (conn 9, stream 18): stream timed out
Stream error (conn 9, stream 19): stream timed out
Stream error (conn 9, stream 20): stream timed out
Stream error (conn 9, stream 21): stream timed out
Stream error (conn 9, stream 22): stream timed out
Stream error (conn 9, stream 23): stream timed out
Stream error (conn 9, stream 24): stream timed out
Stream error (conn 9, stream 25): stream timed out
Stream error (conn 9, stream 26): stream timed out
Stream error (conn 9, stream 27): stream timed out
Stream error (conn 9, stream 28): stream timed out
Stream error (conn 9, stream 29): stream timed out
Stream error (conn 9, stream 30): stream timed out
Stream error (conn 9, stream 31): stream timed out
Stream error (conn 9, stream 32): stream timed out
Stream error (conn 9, stream 33): stream timed out
Stream error (conn 9, stream 34): stream timed out
Stream error (conn 9, stream 35): stream timed out
Stream error (conn 9, stream 36): stream timed out
Stream error (conn 9, stream 37): stream timed out
Stream error (conn 9, stream 38): stream timed out
Stream error (conn 9, stream 39): stream timed out
Stream error (conn 9, stream 40): stream timed out
Stream error (conn 9, stream 41): stream timed out
Stream error (conn 9, stream 42): stream timed out
Stream error (conn 9, stream 43): stream timed out
Stream error (conn 9, stream 44): stream timed out
Stream error (conn 9, stream 45): stream timed out
Stream error (conn 9, stream 46): stream timed out
Stream error (conn 9, stream 47): stream timed out
Stream error (conn 9, stream 48): stream timed out
Stream error (conn 9, stream 49): stream timed out
  fast      CRASHED in 210.1s: Timeout after 210s
node:events:485
      throw er; // Unhandled 'error' event
      ^

Error: write EPIPE
    at afterWriteDispatched (node:internal/stream_base_commons:159:15)
    at writeGeneric (node:internal/stream_base_commons:150:3)
    at Socket._writeGeneric (node:net:964:11)
    at Socket._write (node:net:976:8)
    at writeOrBuffer (node:internal/streams/writable:570:12)
    at _write (node:internal/streams/writable:499:10)
    at Writable.write (node:internal/streams/writable:508:10)
    at emitJson (/home/brianmeek/scratch/http3-repo/dist-test/test/support/bench/quic-bench-server.js:70:24)
    at Timeout._onTimeout (/home/brianmeek/scratch/http3-repo/dist-test/test/support/bench/quic-bench-server.js:99:9)
    at listOnTimeout (node:internal/timers:614:17)
Emitted 'error' event on Socket instance at:
    at emitErrorNT (node:internal/streams/destroy:170:8)
    at emitErrorCloseNT (node:internal/streams/destroy:129:3)
    at process.processTicksAndRejections (node:internal/process/task_queues:90:21) {
  errno: -32,
  code: 'EPIPE',
  syscall: 'write'
}

Node.js v23.2.0
  portable  10.8s | 238.3 Mbps, 3636 s/s, p95=78.99ms, p99=79.61ms, err=0/3000 (0.00%), cpu=50.5%, driver=poll

[Level 1] 3 clients × 14 conns × 75 streams × 3 rounds = 9,450 streams, msg=4KB
  fast      STOPPED: crashed: Timeout after 210s
  portable  12.0s | 305.8 Mbps, 4667 s/s, p95=121.56ms, p99=132.84ms, err=0/9450 (0.00%), cpu=50.4%, driver=poll

[Level 2] 3 clients × 20 conns × 113 streams × 3 rounds = 20,340 streams, msg=16KB
  fast      STOPPED: crashed: Timeout after 210s
