procs -----------memory---------- ---swap-- -----io---- -system-- -------cpu-------
 r  b   swpd   free   buff  cache   si   so    bi    bo   in   cs us sy id wa st gu
 8  1      0 53190288 260048 6537728    0    0   230    98 1920    3  2  1 97  1  0  0
 0  2      0 52944272 260048 6538752    0    0    18   142 7693 10626  4  1 78 17  0  0
 2  2      0 52940192 260048 6538752    0    0     0     0 3829 4620  2  1 77 20  0  0
 2  2      0 52936592 260048 6538784    0    0     0  3894 3024 3557  2  1 78 20  0  0
 0  2      0 52929776 260048 6538784    0    0     0    42 2122 2540  1  0 79 20  0  0
 0  2      0 52964432 260048 6538800    0    0     0     0  969  934  1  0 79 20  0  0
 0  2      0 52967872 260048 6538800    0    0     0     0 1414 1577  0  0 79 20  0  0
 2  2      0 52968064 260048 6538816    0    0     0    10  570  583  0  0 80 20  0  0
 2  2      0 52967824 260048 6538816    0    0     0     0 1289 1689  0  0 80 20  0  0
 2  2      0 52967824 260048 6538816    0    0     0    94 1348 1510  1  0 79 20  0  0
 2  2      0 52980816 260048 6538864    0    0     0     8 1215 1383  0  0 79 20  0  0
 1  2      0 52980816 260048 6538864    0    0     0     0  726  774  0  0 80 20  0  0
 2  2      0 52980816 260048 6538880    0    0     0     0  596  594  0  0 80 20  0  0
 2  2      0 52980816 260048 6538880    0    0     0    12  810  828  0  0 80 20  0  0
 2  2      0 52980816 260048 6538896    0    0     0     0  679  702  0  0 80 20  0  0
 2  2      0 52980816 260048 6538912    0    0     0     0 1581 2054  1  0 79 20  0  0
 2  0      0 53194656 260048 6538944    0    0     0   106 1419 1712  0  0 92  8  0  0
 1  0      0 53194656 260048 6538976    0    0     0     0  640  656  0  0 100  0  0  0
 1  0      0 53194656 260048 6538976    0    0     0   252  744  790  0  0 100  0  0  0
 1  0      0 53194656 260048 6538992    0    0     0     0  576  607  0  0 100  0  0  0
 2  0      0 53194656 260048 6538992    0    0     0     0  654  685  0  0 100  0  0  0
procs -----------memory---------- ---swap-- -----io---- -system-- -------cpu-------
 r  b   swpd   free   buff  cache   si   so    bi    bo   in   cs us sy id wa st gu
 1  2      0 52973184 260048 6539024    0    0     0    18 3634 4906  2  1 88 10  0  0
 2  2      0 52979088 260048 6539024    0    0     0   472  621  650  0  0 80 20  0  0
 2  2      0 52948608 260048 6539024    0    0     0     0 1903 2736  1  0 79 20  0  0
 2  2      0 52948608 260048 6539040    0    0     0    10  764  784  0  0 80 20  0  0
 2  2      0 52975456 260048 6539056    0    0     0     0 1057 1107  1  0 79 20  0  0
 1  2      0 52986256 260048 6539056    0    0     0    56  601  623  0  0 80 20  0  0
 2  2      0 52986256 260048 6539056    0    0     0   614  639  687  0  0 80 20  0  0
 1  2      0 52972000 260048 6539088    0    0     0     0  755  728  0  0 80 20  0  0
 2  2      0 52978656 260048 6539104    0    0     0     0 1127 1239  0  0 80 20  0  0
 3  2      0 52986400 260048 6539104    0    0     0     6 1398 1840  0  0 80 20  0  0
 2  2      0 52985632 260048 6539120    0    0     0     0 1460 1554  0  0 80 20  0  0
 2  2      0 52985488 260048 6539136    0    0     0    94 1709 1668  1  0 79 20  0  0
 2  2      0 52985488 260048 6539152    0    0     0    14  725  760  0  0 80 20  0  0
 1  2      0 52985488 260048 6539152    0    0     0     0  744  861  0  0 80 20  0  0
 1  2      0 52985952 260048 6539168    0    0     0     0  704  729  0  0 80 20  0  0
 2  2      0 52976816 260048 6539184    0    0     0   506 4648 6870  2  1 80 18  0  0
 1  2      0 52907760 260048 6539184    0    0     0     0 1699 2312  1  0 80 20  0  0
 1  2      0 52907760 260048 6539200    0    0     0     0 1284 1706  0  0 79 20  0  0
 2  2      0 52907760 260048 6539200    0    0     0    10  769  781  0  0 80 20  0  0
 1  2      0 52937024 260048 6539216    0    0     0    42 1202 1296  1  0 79 20  0  0
 1  2      0 52935824 260048 6539232    0    0     0     0  691  693  0  0 80 20  0  0
procs -----------memory---------- ---swap-- -----io---- -system-- -------cpu-------
 r  b   swpd   free   buff  cache   si   so    bi    bo   in   cs us sy id wa st gu
 2  2      0 52933776 260048 6539248    0    0     0     0 1896 2194  1  0 79 20  0  0
 2  2      0 52933776 260048 6539248    0    0     0    24 1122 1057  0  0 80 20  0  0
 1  2      0 52932576 260048 6539280    0    0     0     0  671  685  0  0 80 20  0  0
 2  2      0 52932576 260048 6539296    0    0     0     0 1571 1990  1  0 79 20  0  0
 2  2      0 52932576 260048 6539296    0    0     0    14  666  663  0  0 80 20  0  0
 2  2      0 52939184 260048 6539312    0    0     0     0 1133 1138  0  0 80 20  0  0
 2  2      0 52939184 260048 6539312    0    0     0    86  610  646  0  0 80 20  0  0
 2  2      0 52939184 260048 6539328    0    0     0    16  669  687  0  0 80 20  0  0
 1  2      0 52939184 260048 6539344    0    0     0     0  937 1027  0  0 80 20  0  0
 2  0      0 53200784 260048 6539408    0    0     0  2288 1595 1727  0  0 88 11  0  0
 1  0      0 53200304 260048 6539408    0    0     0    24  881  982  0  0 100  0  0  0
 1  0      0 53200304 260048 6539424    0    0     0    12 1235 1609  1  0 99  0  0  0
 1  0      0 53201840 260048 6539424    0    0     0     0  685  702  0  0 100  0  0  0
 1  0      0 53201840 260048 6539456    0    0     0    14 1031 1135  0  0 99  0  0  0
 1  2      0 52952080 260048 6539472    0    0     0     2 3467 4826  2  0 91  6  0  0
 1  2      0 52952464 260048 6539504    0    0     0     0  898 1050  0  0 80 20  0  0
 1  2      0 52952464 260048 6539504    0    0     0    54  611  578  0  0 80 20  0  0
 1  2      0 52953056 260048 6539520    0    0     0     4  950 1034  0  0 80 20  0  0
 1  2      0 53007408 260048 6539520    0    0     0     0 2008 2453  1  0 79 20  0  0
 1  2      0 53007408 260048 6539536    0    0     0    18  664  669  0  0 80 20  0  0
 1  2      0 53006688 260048 6539536    0    0     0     0 1025 1144  0  0 79 20  0  0
procs -----------memory---------- ---swap-- -----io---- -system-- -------cpu-------
 r  b   swpd   free   buff  cache   si   so    bi    bo   in   cs us sy id wa st gu
 2  2      0 53006688 260048 6539552    0    0     0     0 1317 1672  0  0 80 20  0  0
 1  2      0 53006688 260048 6539552    0    0     0     6  568  617  0  0 80 20  0  0
 2  2      0 53006688 260048 6539584    0    0     0     0  928 1012  0  0 80 20  0  0
 1  2      0 53006688 260064 6539584    0    0     0    94  861  827  0  0 80 20  0  0
 2  2      0 53006688 260064 6539584    0    0     0   454  928 1027  0  0 80 20  0  0
 1  2      0 53006688 260064 6539600    0    0     0    10 1409 1835  1  0 79 20  0  0
 0  2      0 53006688 260064 6539600    0    0     0     0  682  697  0  0 80 20  0  0
 1  2      0 53006688 260064 6539584    0    0     0    14 1138 1383  0  0 80 20  0  0
 1  2      0 52970432 260064 6539616    0    0     0     0 3717 5509  2  1 80 18  0  0
 2  2      0 52922672 260064 6539616    0    0     0     0 2227 3285  1  0 80 20  0  0
 0  2      0 52922672 260064 6539632    0    0     0    14  814  854  0  0 80 20  0  0
 2  2      0 52922672 260064 6539632    0    0     0    40  662  675  0  0 80 20  0  0
 1  2      0 52938032 260064 6539648    0    0     0     0 1627 2021  1  0 79 20  0  0
 0  2      0 52938032 260064 6539648    0    0     0     6  700  714  0  0 80 20  0  0
 0  2      0 52938032 260064 6539664    0    0     0     0  953 1046  0  0 80 20  0  0
 1  2      0 52941584 260064 6539664    0    0     0     0  626  643  0  0 80 20  0  0
 1  2      0 52942976 260064 6539664    0    0     0     6  626  642  0  0 80 20  0  0
 1  2      0 52941872 260064 6539680    0    0     0     0 1645 1817  1  0 79 20  0  0
 0  2      0 52942960 260064 6539680    0    0     0     0 1528 1504  0  0 79 20  0  0
 0  2      0 52942944 260064 6539712    0    0     0    10 1358 1444  0  0 79 20  0  0
 1  2      0 52942784 260064 6539712    0    0     0     0 1415 1890  1  0 79 20  0  0
procs -----------memory---------- ---swap-- -----io---- -system-- -------cpu-------
 r  b   swpd   free   buff  cache   si   so    bi    bo   in   cs us sy id wa st gu
 1  2      0 52942784 260080 6539728    0    0     0    94  707  710  0  0 80 20  0  0
 0  2      0 52942752 260080 6539744    0    0     0    22 1008 1114  0  0 80 20  0  0
 1  0      0 53209072 260080 6539792    0    0     0   602 1299 1555  0  0 85 15  0  0
 0  0      0 53209920 260080 6539808    0    0     0     0  939 1089  0  0 100  0  0  0
 0  0      0 53210064 260080 6539808    0    0     0    20  704  718  0  0 100  0  0  0
 0  0      0 53210064 260080 6539824    0    0     0     0 1118 1259  0  0 99  0  0  0
 1  0      0 53210096 260080 6539824    0    0     0     0 1500 1999  1  0 99  0  0  0
 1  2      0 52989200 260080 6539856    0    0     0    14 2783 3446  2  0 95  3  0  0
 1  2      0 52987088 260080 6539872    0    0     0    28  722  766  0  0 80 20  0  0
 0  2      0 52987088 260080 6539888    0    0     0     0  896  916  0  0 80 20  0  0
 1  2      0 52987088 260080 6539888    0    0     0    18  579  615  0  0 80 20  0  0
 1  2      0 53018384 260080 6539888    0    0     0     0  885  911  1  0 80 20  0  0
 1  2      0 53019312 260080 6539904    0    0     0     0 1038 1039  0  0 79 20  0  0
 0  2      0 53019312 260080 6539920    0    0     0    10  606  621  0  0 80 20  0  0
 1  2      0 53019312 260080 6539936    0    0     0  1416 1379 1821  1  0 79 20  0  0
 1  2      0 53019312 260080 6539952    0    0     0    64  728  744  0  0 80 20  0  0
 0  2      0 53019312 260080 6539936    0    0     0    18  708  746  0  0 80 20  0  0
 0  2      0 53019312 260080 6539936    0    0     0     0  622  658  0  0 80 20  0  0
 1  2      0 53019312 260080 6539936    0    0     0    40  575  597  0  0 80 20  0  0
 0  2      0 53019312 260080 6539952    0    0     0    28  780  796  0  0 80 20  0  0
 0  2      0 53019312 260080 6539952    0    0     0     0  637  640  0  0 80 20  0  0
procs -----------memory---------- ---swap-- -----io---- -system-- -------cpu-------
 r  b   swpd   free   buff  cache   si   so    bi    bo   in   cs us sy id wa st gu
 0  2      0 53019312 260080 6539968    0    0     0     0 1407 1827  1  0 79 20  0  0
 1  2      0 52919840 260080 6540016    0    0     0     6 3384 4976  2  0 80 18  0  0
 1  2      0 52917184 260080 6540032    0    0     0     0  649  682  0  0 80 20  0  0
 0  2      0 52917184 260080 6540032    0    0     0     0  873  940  1  0 79 20  0  0
 1  2      0 52921328 260080 6540032    0    0     0    20  997 1108  0  0 80 20  0  0
 1  2      0 52994416 260080 6540048    0    0     0    38  921  941  1  0 79 20  0  0
 1  2      0 52995360 260080 6540064    0    0     0     0 1141 1123  0  0 80 20  0  0
 0  2      0 52995360 260080 6540080    0    0     0    10  732  787  0  0 80 20  0  0
 0  2      0 52995360 260080 6540080    0    0     0     0 1344 1764  1  0 79 20  0  0
 1  2      0 52995360 260080 6540112    0    0     0    10  639  646  0  0 80 20  0  0
 1  2      0 52995120 260080 6540112    0    0     0   624  776  843  0  0 80 20  0  0
 1  2      0 52995120 260080 6540112    0    0     0     0  610  644  0  0 80 20  0  0
 1  2      0 52995120 260080 6540128    0    0     0    64  671  691  0  0 80 20  0  0
 1  2      0 52995120 260080 6540128    0    0     0    10  807  795  0  0 80 20  0  0
 1  2      0 52995120 260080 6540144    0    0     0     0 1102 1217  0  0 80 20  0  0
 1  2      0 52995120 260080 6540160    0    0     0    18 1484 1969  1  0 79 20  0  0
 0  0      0 53193408 260080 6540160    0    0     0    18 1426 1761  0  0 81 19  0  0
 0  0      0 53194512 260080 6540192    0    0     0    16  758  814  0  0 100  0  0  0
 0  0      0 53194512 260080 6540192    0    0     0     0  587  624  0  0 100  0  0  0
 1  0      0 53194512 260080 6540208    0    0     0    20  724  826  0  0 100  0  0  0
 1  0      0 53194512 260080 6540208    0    0     0     0  700  714  0  0 100  0  0  0
procs -----------memory---------- ---swap-- -----io---- -system-- -------cpu-------
 r  b   swpd   free   buff  cache   si   so    bi    bo   in   cs us sy id wa st gu
 1  1      0 53180256 260080 6540272    0    0     0     0 1365 1285  1  0 99  0  0  0
 1  2      0 52919728 260080 6540240    0    0     0    18 5359 7857  3  1 79 17  0  0
 1  2      0 52932944 260080 6540304    0    0     0   676 1810 2223  1  0 79 20  0  0
 0  2      0 52940624 260080 6540304    0    0     0    40  742  749  0  0 80 20  0  0
 1  2      0 52948304 260080 6540304    0    0     0    10 1099 1263  0  0 80 20  0  0
 0  2      0 53002048 260080 6540336    0    0     0    42 1145 1067  1  0 79 20  0  0
 1  2      0 53016592 260080 6540352    0    0     0     0  916  997  0  0 80 20  0  0
 1  2      0 53030864 260080 6540352    0    0     0     0  835  814  0  0 80 20  0  0
 1  2      0 53030864 260080 6540352    0    0     0     6  647  660  0  0 80 20  0  0
 0  2      0 53030864 260080 6540368    0    0     0    64 1583 1999  1  0 79 20  0  0
 1  2      0 53030864 260080 6540368    0    0     0     0  702  725  0  0 80 20  0  0
 1  2      0 53030864 260080 6540384    0    0     0    42  942 1013  0  0 80 20  0  0
 1  2      0 53030864 260080 6540384    0    0     0     0  596  633  0  0 80 20  0  0
 2  2      0 53030864 260080 6540384    0    0     0     0  606  597  0  0 80 20  0  0
 1  2      0 53030864 260080 6540400    0    0     0    18  885  959  0  0 79 20  0  0
 0  2      0 53030864 260080 6540400    0    0     0     0  850  828  0  0 80 20  0  0
 1  0      0 53263856 260080 6540480    0    0     0     0 1607 1951  0  0 93  6  0  0
 1  0      0 53263856 260080 6540480    0    0     0    18 1307 1724  1  0 99  0  0  0
 1  0      0 53263856 260080 6540496    0    0     0    60  627  646  0  0 100  0  0  0
 1  0      0 53263856 260080 6540512    0    0     0     0 1085 1195  0  0 99  0  0  0
 1  0      0 53263856 260080 6540512    0    0     0   642  655  678  0  0 100  0  0  0
procs -----------memory---------- ---swap-- -----io---- -system-- -------cpu-------
 r  b   swpd   free   buff  cache   si   so    bi    bo   in   cs us sy id wa st gu
 1  2      0 52994416 260080 6540544    0    0     0     0 4583 6363  2  1 86 11  0  0
 0  2      0 52994416 260080 6540544    0    0     0    12  877  840  0  0 80 20  0  0
 0  2      0 52990336 260080 6540560    0    0     0    22 1747 1858  1  0 79 20  0  0
 1  2      0 52968976 260080 6540560    0    0     0     0 3989 4942  2  1 78 20  0  0
 0  2      0 53018832 260080 6540560    0    0     0     0 2707 2645  1  0 79 20  0  0
 1  2      0 53018592 260080 6540576    0    0     0     6 1838 2106  1  0 79 20  0  0
 1  2      0 53018592 260080 6540576    0    0     0    66 3833 4389  1  1 79 20  0  0
 1  2      0 53014992 260080 6540592    0    0     0     0 5478 6510  2  1 78 20  0  0
 1  2      0 53012720 260080 6540608    0    0     0    48 7127 8719  3  1 77 20  0  0
 0  2      0 53013120 260080 6540624    0    0     0   512 6476 7914  3  1 77 19  0  0
 0  2      0 52993536 260080 6541520    0    0     0    66 5764 6935  3  1 77 19  0  0
 1  2      0 52991232 260080 6541616    0    0     0    18 5561 6796  2  1 77 19  0  0
 1  2      0 53001632 260080 6541648    0    0     0    54 5863 7314  3  1 77 19  0  0
 0  2      0 53005376 260080 6541712    0    0     0     0 6540 8159  3  1 77 19  0  0
 1  2      0 52992256 260080 6541904    0    0     0     0 6837 8585  3  1 77 19  0  0
 1  2      0 53005264 260080 6541936    0    0     0   100 8242 10690  4  1 77 18  0  0
 1  0      0 53200832 260080 6541984    0    0     0     0 4167 4921  2  1 91  7  0  0
 0  0      0 53205968 260080 6541984    0    0     0     0  678  709  0  0 100  0  0  0
 0  0      0 53205968 260080 6541984    0    0     0    18 3001 3790  1  1 98  0  0  0
 0  0      0 53207632 260080 6542000    0    0     0    12 2525 2907  1  0 98  0  0  0
 0  0      0 53208912 260080 6542016    0    0     0     0 1045 1169  0  0 99  0  0  0
procs -----------memory---------- ---swap-- -----io---- -system-- -------cpu-------
 r  b   swpd   free   buff  cache   si   so    bi    bo   in   cs us sy id wa st gu
 0  2      0 52982528 260080 6542032    0    0     0    22 6323 8294  3  1 85 11  0  0
 0  2      0 52983968 260080 6542064    0    0     0     0 5450 6947  2  1 77 20  0  0
 0  2      0 52983968 260080 6542064    0    0     0     2 1483 1663  1  0 79 20  0  0
 2  2      0 52983008 260080 6542112    0    0     0   160 2732 2978  1  0 79 20  0  0
 0  2      0 52983328 260080 6542128    0    0     0  1144 1683 1842  1  0 79 20  0  0
 0  2      0 53000064 260080 6542128    0    0     0   450 3378 4247  1  0 78 20  0  0
 1  2      0 53007920 260080 6542128    0    0     0    28 3845 4832  2  1 78 20  0  0
 1  2      0 53009232 260080 6542144    0    0     0     0  962 1120  0  0 80 20  0  0
 1  2      0 53001792 260080 6542144    0    0     0    38 3171 3905  1  1 79 20  0  0
 1  2      0 53001232 260080 6542160    0    0     0   622 3142 3845  1  0 79 20  0  0
 1  2      0 53001696 260080 6542160    0    0     0    70  856  831  1  0 79 20  0  0
 1  2      0 53000256 260080 6542176    0    0     0     0 1540 1768  1  0 79 20  0  0
 0  2      0 52980816 260080 6542192    0    0     0    14 2739 3596  1  0 79 20  0  0
 0  2      0 52979520 260080 6542192    0    0     0     0 1879 2208  1  0 79 20  0  0
 1  2      0 52972448 260080 6542208    0    0     0     0 3857 4649  1  1 78 20  0  0
 3  2      0 52892224 260080 6542240    0    0     0    10 6672 9449  3  1 78 18  0  0
 0  2      0 52889536 260080 6542256    0    0     0    12 1464 1645  1  0 79 20  0  0
 1  2      0 52885328 260080 6542256    0    0     0     0 2146 2610  1  0 79 20  0  0
 1  2      0 52877888 260080 6542272    0    0     0   596 2036 2248  1  0 79 20  0  0
 1  2      0 52948416 260080 6542272    0    0     0     0 2891 3569  2  0 78 20  0  0
 8  2      0 52967456 260080 6542368    0    0     0    56 4403 5665  2  1 78 20  0  0
procs -----------memory---------- ---swap-- -----io---- -system-- -------cpu-------
 r  b   swpd   free   buff  cache   si   so    bi    bo   in   cs us sy id wa st gu
 0  2      0 52966720 260080 6542368    0    0     0    84 2777 3318  1  0 79 20  0  0
 0  2      0 52968496 260080 6542384    0    0     0    78 3683 4452  2  1 78 20  0  0
 1  2      0 52968496 260080 6542400    0    0     0     0 2767 3379  1  0 79 20  0  0
 1  2      0 52974736 260080 6542400    0    0     0     0 4722 5567  3  1 77 19  0  0
 1  2      0 52936144 260080 6542416    0    0     0    14 4470 5241  3  1 77 19  0  0
 2  2      0 52950896 260080 6542416    0    0     0     0 3444 4118  2  0 78 20  0  0
 0  2      0 52970880 260080 6542512    0    0     0    54 6631 8421  4  1 76 19  0  0
 0  2      0 52973888 260080 6542512    0    0     0    36 4539 5631  2  1 78 20  0  0
 0  2      0 52971968 260080 6542544    0    0     0     0 6405 8100  3  1 77 20  0  0
 0  0      0 53161264 260080 6542592    0    0     0    26 4506 5477  2  1 88 10  0  0
 0  0      0 53161264 260080 6542592    0    0     0    12 4655 5550  2  1 97  0  0  0
 0  0      0 53174624 260080 6542672    0    0     0    64 6070 7494  3  1 96  0  0  0
 0  0      0 53174624 260080 6542672    0    0     0  1146 5146 6491  2  1 97  0  0  0
 1  0      0 53174624 260080 6542672    0    0     0     0 5967 7531  3  1 97  0  0  0
11  2      0 52447936 260096 6544096    0    0     0   152 13131 17330 17  2 75  7  0  0
 8  2      0 52136656 260096 6545680    0    0     0   170 11636 10779 83  1 12  4  0  0
 2  2      0 52565200 260112 6549504    0    0     0  3444 12532 15171 20  2 65 13  0  0
 1  2      0 52616096 260112 6549520    0    0     0     2 3267 3995  2  1 79 19  0  0
 1  2      0 52720800 260112 6549520    0    0     0    18 4889 6124  3  1 77 19  0  0
 2  4      0 52580112 260112 6550416    0    0     0    44 15923 24758  6  2 67 25  0  0
 1  4      0 52652368 260112 6551232    0    0     0     0 11598 18452  3  1 70 25  0  0
procs -----------memory---------- ---swap-- -----io---- -system-- -------cpu-------
 r  b   swpd   free   buff  cache   si   so    bi    bo   in   cs us sy id wa st gu
 0  4      0 52675984 260112 6551248    0    0     0    10 5001 6492  2  1 68 29  0  0
 0  4      0 52702000 260112 6551264    0    0     0     0 3359 3996  2  1 69 29  0  0
 1  2      0 52936992 260112 6551344    0    0     0     0 4414 5470  2  1 69 29  0  0
 1  2      0 52939776 260112 6551360    0    0     0   178 4278 5315  2  1 78 20  0  0
 1  2      0 52946480 260112 6551376    0    0     0    10 3419 4062  2  1 78 20  0  0
 0  2      0 52946736 260112 6551392    0    0     0     0 3892 4792  2  1 78 20  0  0
 1  2      0 52946496 260112 6551424    0    0     0    16 4356 5232  2  1 78 20  0  0
 2  2      0 52942224 260112 6551456    0    0     0   544 5326 6497  3  1 78 19  0  0
 1  2      0 52930240 260112 6551488    0    0     0     0 7029 9333  3  1 78 18  0  0
 1  2      0 52932576 260112 6551488    0    0     0   106 6198 7711  3  1 80 16  0  0
 1  2      0 52932576 260112 6551504    0    0     0     0 4674 5887  2  1 77 20  0  0
 1  2      0 52932576 260112 6551504    0    0     0     0 3561 4352  2  1 78 20  0  0
 1  2      0 52956832 260112 6551504    0    0     0  7364 2871 3302  2  1 78 20  0  0
 1  2      0 52956832 260112 6551504    0    0     0     0 3318 3909  2  1 78 20  0  0
 1  2      0 52956832 260112 6551520    0    0     0    44 2913 3467  2  0 78 20  0  0
 1  2      0 52956832 260112 6551536    0    0     0    20 3855 4783  2  1 77 20  0  0
 1  2      0 52954672 260112 6551552    0    0     0     0 5476 6797  3  1 76 19  0  0
 1  2      0 52953712 260112 6551552    0    0     0    30 2786 3225  1  0 79 19  0  0
 3  3      0 52794528 260112 6551616    0    0     0     0 6877 8728  4  1 75 21  0  0
 1  4      0 52635488 260112 6551616    0    0     0    70 6760 9311  3  1 58 37  0  0
 1  4      0 52646320 260112 6551632    0    0     0    10 4598 5620  2  1 59 38  0  0
procs -----------memory---------- ---swap-- -----io---- -system-- -------cpu-------
 r  b   swpd   free   buff  cache   si   so    bi    bo   in   cs us sy id wa st gu
 1  4      0 52657200 260112 6551632    0    0     0     0 4721 5787  2  1 59 38  0  0
 1  4      0 52663600 260112 6551632    0    0     0     0 5543 6755  3  1 57 39  0  0
 1  2      0 52934848 260112 6545184    0    0     0    12 6568 8405  3  1 67 29  0  0
 1  2      0 52939312 260112 6545200    0    0     0     0 4442 5404  2  1 78 20  0  0
 2  2      0 52939680 260112 6545200    0    0     0    22 4369 5374  2  1 78 20  0  0
 1  2      0 52939680 260112 6545200    0    0     0   642 4887 6249  2  1 78 19  0  0
 1  2      0 52939680 260112 6545216    0    0     0     0 4363 5341  2  1 77 20  0  0
 2  3      0 52841872 260112 6545232    0    0     0     0 6892 8863  4  1 73 22  0  0
 3  4      0 52770640 260112 6545232    0    0     0   110 6594 8656  3  1 67 29  0  0
 2  4      0 52767760 260128 6545248    0    0     0    64 5357 6789  2  1 68 29  0  0
 0  4      0 52781376 260128 6545264    0    0     0    40 6534 8259  3  1 67 29  0  0
 2  4      0 52782560 260128 6545280    0    0     0    26 5965 7263  3  1 68 29  0  0
 4  4      0 52776480 260128 6545280    0    0     0     0 5405 6561  3  1 68 28  0  0
 1  2      0 52985088 260128 6545280    0    0     0    22 5258 6685  2  1 78 19  0  0
 1  2      0 52985088 260128 6545296    0    0     0     0 5231 6559  2  1 77 20  0  0
 0  2      0 52985088 260128 6545312    0    0     0    76 4928 6132  2  1 78 19  0  0
 0  2      0 52984848 260128 6545312    0    0     0    10 5030 6286  2  1 79 18  0  0
 1  2      0 52984368 260128 6545312    0    0     0   576 7758 10018  3  1 77 19  0  0
 1  4      0 52708016 260128 6545328    0    0     0     0 11196 16671  6  1 65 28  0  0
 1  4      0 52704176 260128 6545296    0    0     0    20 5728 7054  2  1 66 31  0  0
 1  4      0 52704176 260128 6545312    0    0     0     0 4927 5955  2  1 68 29  0  0
procs -----------memory---------- ---swap-- -----io---- -system-- -------cpu-------
 r  b   swpd   free   buff  cache   si   so    bi    bo   in   cs us sy id wa st gu
 0  4      0 52704176 260128 6545312    0    0     0     0 4477 5584  2  1 68 29  0  0
 1  4      0 52740080 260128 6545312    0    0     0    36 5324 6526  3  1 59 37  0  0
 1  2      0 52940960 260128 6545424    0    0     0     0 5737 7249  4  1 75 21  0  0
 1  2      0 52941104 260128 6545424    0    0     0    84 5429 7122  3  1 77 20  0  0
 1  2      0 52941104 260128 6545440    0    0     0     0 5558 6979  3  1 77 20  0  0
 1  2      0 52941104 260128 6545440    0    0     0     0 4563 5598  2  1 78 20  0  0
 1  2      0 52941104 260128 6545440    0    0     0    44 4050 4931  2  1 78 20  0  0
 0  4      0 52703744 260128 6545472    0    0     0     0 9560 13183  5  2 64 30  0  0
 1  4      0 52703744 260128 6545472    0    0     0    24 5426 6942  2  1 65 31  0  0
 1  4      0 52703744 260128 6545488    0    0     0     0 5035 6060  3  1 67 29  0  0
 0  4      0 52699904 260128 6545488    0    0     0     0 4480 5632  2  1 68 29  0  0
 1  4      0 52702112 260128 6545504    0    0     0    48 5413 6776  3  1 67 29  0  0
 2  2      0 52893120 260128 6545504    0    0     0     0 4934 6200  2  1 75 23  0  0
 1  2      0 52893120 260128 6545520    0    0     0   634 4574 5607  2  1 78 19  0  0
 1  2      0 52893120 260128 6545520    0    0     0     6 4162 5030  2  1 78 20  0  0
 1  2      0 52893360 260128 6545536    0    0     0     0 4368 5464  2  1 78 20  0  0
 1  2      0 52893360 260128 6545568    0    0     0     0 5849 7302  3  1 77 19  0  0
 1  4      0 52679280 260128 6545584    0    0     0     6 7348 9522  4  1 65 30  0  0
 1  4      0 52679040 260128 6545600    0    0     0     0 7398 9514  3  1 58 38  0  0
 1  4      0 52686000 260128 6545600    0    0     0   614 4633 5677  2  1 59 38  0  0
 1  4      0 52677040 260128 6545600    0    0     0    20 4407 5378  2  1 59 38  0  0
procs -----------memory---------- ---swap-- -----io---- -system-- -------cpu-------
 r  b   swpd   free   buff  cache   si   so    bi    bo   in   cs us sy id wa st gu
 1  4      0 52711328 260128 6545616    0    0     0     0 4582 5625  2  1 59 38  0  0
 1  2      0 52980896 260128 6545648    0    0     0     0 4973 6331  2  1 63 34  0  0
 1  2      0 52981440 260128 6545696    0    0     0    14 4906 5882  3  1 78 18  0  0
 2  2      0 52981440 260128 6545696    0    0     0    18 5846 7259  3  1 78 19  0  0
 1  2      0 52981440 260128 6545712    0    0     0     0 6877 8698  3  1 77 19  0  0
 1  2      0 52982160 260128 6545712    0    0     0    18 5868 7545  3  1 78 18  0  0
 1  5      0 52682560 260128 6545760    0    0     0    30 10313 14299  5  2 72 21  0  0
 1  4      0 52729088 260128 6545824    0    0     0     0 8071 10188  3  1 66 29  0  0
 1  4      0 52730656 260128 6545840    0    0     0    22 6056 7581  3  1 67 29  0  0
 1  4      0 52729456 260128 6545856    0    0     0     0 5970 7494  3  1 67 29  0  0
 8  4      0 52723680 260128 6545872    0    0     0     0 4963 6160  3  1 68 28  0  0
 2  4      0 52660896 260128 6545872    0    0     0    10 6829 9299  4  1 66 29  0  0
 1  4      0 52661136 260128 6545872    0    0     0     0 5173 6534  3  1 59 38  0  0
 1  4      0 52660896 260128 6545872    0    0     0     0 5657 6917  2  1 59 38  0  0
 3  4      0 52660896 260128 6545888    0    0     0     6 5900 7174  2  1 59 38  0  0
 1  4      0 52699296 260128 6545904    0    0     0     0 4730 5795  2  1 59 38  0  0
 2  4      0 52699296 260128 6545904    0    0     0    78 5556 6875  2  1 59 38  0  0
 1  4      0 52699296 260128 6545904    0    0     0    22 6289 7991  3  1 67 30  0  0
 1  4      0 52664832 260128 6545920    0    0    18   492 9168 12019  4  1 66 28  0  0
 1  4      0 52554864 260128 6546000    0    0     0     0 10764 15442  5  2 59 34  0  0
 1  4      0 52554144 260128 6546000    0    0     0    24 5925 7669  3  1 58 38  0  0
procs -----------memory---------- ---swap-- -----io---- -system-- -------cpu-------
 r  b   swpd   free   buff  cache   si   so    bi    bo   in   cs us sy id wa st gu
 1  4      0 52554144 260128 6546016    0    0     0    18 5761 7707  2  1 58 39  0  0
 1  3      0 52625456 260128 6546016    0    0     0     0 5150 6505  2  1 71 26  0  0
 1  3      0 52657328 260128 6546048    0    0     0   658 4943 6058  2  1 69 28  0  0
 1  3      0 52657328 260128 6546048    0    0     0    42 5311 6643  2  1 69 28  0  0
 1  3      0 52660464 260128 6546064    0    0     0     0 4802 5961  2  1 68 29  0  0
 0  3      0 52660464 260128 6546080    0    0     0    10 5660 7020  2  1 68 28  0  0
 1  3      0 52660704 260128 6546080    0    0     0     0 5931 7602  3  1 68 28  0  0
 1  3      0 52660704 260128 6546080    0    0     0     0 5150 6470  3  1 74 22  0  0
 0  3      0 52660704 260128 6546096    0    0     0     6 6457 8303  3  1 76 20  0  0
 1  3      0 52660704 260128 6546096    0    0     0     0 4981 6241  2  1 69 27  0  0
 1  3      0 52666240 260128 6546128    0    0     0    52 4540 5480  2  1 67 30  0  0
 1  3      0 52667232 260144 6546112    0    0     0    20 4590 5539  2  1 68 29  0  0
 1  3      0 52668832 260144 6546144    0    0     0    12 4838 5870  2  1 68 29  0  0
 1  1      0 52962944 260144 6546144    0    0     0     0 6259 8405  3  1 81 15  0  0
 1  1      0 52962944 260144 6546144    0    0     0    12 3957 4775  2  1 88 10  0  0
 0  1      0 52962720 260144 6546144    0    0     0     0 4129 4929  2  1 87 10  0  0
 1  1      0 52962720 260144 6546208    0    0     0     0 4318 5054  2  1 87 10  0  0
 1  1      0 52962720 260144 6546224    0    0     0    12 4766 6034  2  1 87 10  0  0
 0  3      0 52720352 260144 6546224    0    0     0    22 9661 12897  5  1 75 19  0  0
 0  3      0 52716560 260144 6546240    0    0     0     0 4669 5496  2  1 70 27  0  0
 1  3      0 52712032 260144 6546240    0    0     0    20 4761 5736  3  1 68 28  0  0
procs -----------memory---------- ---swap-- -----io---- -system-- -------cpu-------
 r  b   swpd   free   buff  cache   si   so    bi    bo   in   cs us sy id wa st gu
 1  3      0 52704144 260144 6546240    0    0     0    32 5195 6825  2  1 68 29  0  0
 1  3      0 52759088 260144 6546272    0    0     0     0 4574 5416  3  1 68 29  0  0
 1  3      0 52759088 260144 6546272    0    0     0     6 4127 5012  2  1 69 28  0  0
 1  3      0 52759088 260144 6546272    0    0     0   244 4561 5687  2  1 69 28  0  0
 1  3      0 52759088 260144 6546272    0    0     0    54 5538 6953  2  1 69 28  0  0
 2  3      0 52759088 260144 6546272    0    0     0     0 6878 8427  3  1 71 25  0  0
 1  3      0 52759088 260144 6546304    0    0     0    20 4778 5655  2  1 68 29  0  0
 0  3      0 52766768 260144 6546304    0    0     0    14 5790 7327  3  1 68 28  0  0
 1  3      0 52766768 260144 6546304    0    0     0     0 5309 6954  2  1 67 29  0  0
 1  3      0 52760896 260144 6546320    0    0     0    12 4346 5340  2  1 68 29  0  0
 3  3      0 52752976 260144 6546368    0    0     0     0 4652 5913  2  1 70 27  0  0
 1  3      0 52752976 260144 6546368    0    0     0   610 4456 5467  2  1 78 20  0  0
 1  3      0 52736928 260144 6546384    0    0     0     6 7667 10801  3  1 71 24  0  0
 1  3      0 52736448 260144 6546400    0    0     0     0 4592 5628  2  1 67 30  0  0
 1  3      0 52735968 260144 6546400    0    0     0    18 4376 5289  2  1 69 29  0  0
 1  3      0 52734528 260144 6546416    0    0     0    18 5661 7250  3  1 67 29  0  0
 1  3      0 52756144 260144 6546416    0    0     0     0 5102 6278  3  1 68 29  0  0
 1  3      0 52754464 260144 6546432    0    0     0     0 4690 5891  2  1 70 27  0  0
 1  3      0 52753744 260144 6546432    0    0     0    60 5435 6862  2  1 71 26  0  0
 1  1      0 52961104 260144 6546432    0    0     0     0 5160 6364  2  1 71 25  0  0
 2  1      0 52966640 260144 6546448    0    0     0    58 4679 5621  2  1 87 10  0  0
procs -----------memory---------- ---swap-- -----io---- -system-- -------cpu-------
 r  b   swpd   free   buff  cache   si   so    bi    bo   in   cs us sy id wa st gu
 1  1      0 52967120 260144 6546448    0    0     0   630 2387 2594  1  0 89 10  0  0
 1  1      0 52966400 260144 6546448    0    0     0     0 4772 5824  2  1 87 10  0  0
 0  1      0 52965440 260144 6546464    0    0     0     0 5726 7129  2  1 87 10  0  0
 1  3      0 52719680 260144 6546496    0    0     0     6 7451 9675  4  1 85 10  0  0
 1  2      0 52750816 260144 6546496    0    0     0   102 7646 9544  4  1 77 19  0  0
 2  2      0 52772656 260144 6546528    0    0     0     0 4034 4550  3  1 84 12  0  0
 1  2      0 52781072 260144 6546528    0    0     0     0 6740 8079  4  1 76 19  0  0
 1  2      0 52786032 260144 6546528    0    0     0    14 4621 5244  2  1 77 20  0  0
 1  2      0 52782912 260144 6546544    0    0     0     0 5115 6355  3  1 77 20  0  0
 1  2      0 52781472 260144 6546560    0    0     0     4 5428 6706  2  1 77 20  0  0
 1  2      0 52781472 260144 6546576    0    0     0    16 3488 3849  1  1 78 20  0  0
 1  2      0 52779792 260144 6546576    0    0     0    16 4538 5131  2  1 78 20  0  0
 1  2      0 52774032 260144 6546576    0    0     0     0 3971 4346  2  1 78 20  0  0
 1  2      0 52774032 260144 6546592    0    0     0    42 4451 5176  2  1 78 20  0  0
 1  2      0 52767696 260144 6546592    0    0     0    60 5637 6723  2  1 77 20  0  0
 1  2      0 52766592 260144 6546592    0    0     0     0 2371 2571  1  0 79 20  0  0
 1  2      0 52798096 260144 6546608    0    0     0  1760 5013 6121  2  1 77 19  0  0
 1  2      0 52794496 260144 6546624    0    0     0     0 5590 7169  2  1 78 19  0  0
 2  1      0 52790416 260144 6546704    0    0     0    60 6374 8048  3  1 78 18  0  0
 1  1      0 52895584 260144 6546704    0    0     0     2 4641 5786  2  1 87 10  0  0
 1  1      0 52891024 260144 6546720    0    0     0    98 6545 8355  3  1 86 10  0  0
procs -----------memory---------- ---swap-- -----io---- -system-- -------cpu-------
 r  b   swpd   free   buff  cache   si   so    bi    bo   in   cs us sy id wa st gu
 2  1      0 52891024 260144 6546736    0    0     0     0 5808 7260  2  1 87 10  0  0
 2  1      0 52893808 260144 6546752    0    0     0    12 5509 6703  3  1 87 10  0  0
11  1      0 52464832 260144 6548288    0    0     0   166 8628 10378 14  1 76  9  0  0
 6  1      0 52223216 260144 6550384    0    0     0     0 11552 10348 86  1 11  3  0  0
 1  1      0 52724304 260144 6553424    0    0     0  3424 11611 14036 18  1 72  9  0  0
 0  1      0 52772544 260144 6553456    0    0     0     0 4245 5180  2  1 88 10  0  0
 1  1      0 52783584 260144 6553456    0    0     0    18 6742 8587  4  1 86 10  0  0
 1  1      0 52805728 260144 6553456    0    0     0    16 4940 6003  2  1 87 10  0  0
 2  1      0 52816400 260144 6553472    0    0     0   282 7668 9568  5  1 85  9  0  0
 7  1      0 52347760 260144 6555024    0    0     0     4 11353 13918 35  1 56  8  0  0
 2  1      0 52196864 260144 6560912    0    0     0   114 11564 12195 68  1 27  4  0  0
 1  1      0 52612528 260144 6553632    0    0     0  3284 11468 14283 14  1 75  9  0  0
 1  1      0 52659216 260144 6553632    0    0     0     2 4044 4817  2  1 88 10  0  0
 1  1      0 52705296 260144 6553632    0    0     0   122 5817 7082  2  1 87 10  0  0
 1  1      0 52805920 260144 6553632    0    0     0     0 7575 9833  4  1 85 10  0  0
 0  1      0 52835264 260144 6553632    0    0     0     0 3895 4542  1  1 88 10  0  0
 0  1      0 52864960 260144 6553648    0    0     0    26 5324 6270  2  1 87 10  0  0
 0  1      0 52879840 260144 6553664    0    0     0   512 3553 4134  1  1 88 10  0  0
 1  1      0 52901296 260144 6553680    0    0     0     0 6224 7750  4  1 85 10  0  0
 1  1      0 52901776 260144 6553696    0    0     0    38 5385 6429  2  1 87 10  0  0
 1  1      0 52901776 260144 6553696    0    0     0     0 4922 5872  2  1 88 10  0  0
procs -----------memory---------- ---swap-- -----io---- -system-- -------cpu-------
 r  b   swpd   free   buff  cache   si   so    bi    bo   in   cs us sy id wa st gu
 1  1      0 52902048 260144 6553696    0    0     0     2 5652 6708  3  1 86 10  0  0
 1  1      0 52902048 260144 6553696    0    0     0    12 5197 6169  2  1 87 10  0  0
 1  1      0 52900128 260144 6553728    0    0     0     0 4758 5543  3  1 87 10  0  0
 1  1      0 52894368 260144 6553744    0    0     0   132 5485 6744  2  1 87 10  0  0
 0  1      0 52890768 260144 6553744    0    0     0   198 4691 6113  2  1 88 10  0  0
 1  1      0 52890768 260144 6553744    0    0     0  7300 3522 4007  2  1 88 10  0  0
 1  0      0 52672928 260144 6553744    0    0     0     0 5752 6889  3  1 87  9  0  0
 0  0      0 52762976 260144 6553824    0    0     0    56 7454 8995  4  2 94  0  0  0
 0  0      0 52810912 260144 6553840    0    0     0     4 4240 5025  2  1 98  0  0  0
 1  0      0 52863184 260144 6553840    0    0     0   608 5224 6062  3  1 96  0  0  0
 8  0      0 52901408 260144 6553856    0    0     0    22 5713 6842  3  1 96  0  0  0
 0  0      0 52951312 260144 6553856    0    0     0     0 5021 6076  3  1 96  0  0  0
 4  0      0 51172480 260144 6553872    0    0     0     0 12118 16396 10  3 87  0  0  0
 1  0      0 51840928 260144 6553920    0    0     0    22 8123 10318  6  2 93  0  0  0
 0  0      0 51863968 260144 6553920    0    0     0     0 4251 5041  2  1 98  0  0  0
 1  0      0 51909696 260144 6553936    0    0     0    12 4737 5486  2  1 97  0  0  0
 1  0      0 51964960 260144 6554016    0    0     0    72 5290 6226  2  1 97  0  0  0
 0  0      0 52044640 260144 6554032    0    0     0     0 4730 5592  2  1 97  0  0  0
 1  0      0 47726832 260144 6554048    0    0     0    54 15553 22182 19  4 77  0  0  0
 1  0      0 47771936 260144 6554064    0    0     0    32 5251 6778  2  1 97  0  0  0
